# JRE version: OpenJDK Runtime Environment (20.0.1+9) (build 20.0.1+9-29)
# Java VM: OpenJDK 64-Bit Server VM (20.0.1+9-29, mixed mode, sharing, tiered, compressed oops, compressed class ptrs, g1 gc, windows-amd64)
GC Precious Log:
 CardTable entry size: 512
 Card Set container configuration: InlinePtr #cards 4 size 8 Array Of Cards #cards 64 size 144 Howl #buckets 8 coarsen threshold 14745 Howl Bitmap #cards 2048 size 272 coarsen threshold 1843 Card regions per heap region 1 cards per card region 16384
 CPUs: 8 total, 8 available
 Memory: 16122M
 Large Page Support: Disabled
 NUMA Support: Disabled
 Compressed Oops: Enabled (Zero based)
 Heap Region Size: 8M
 Heap Min Capacity: 8M
 Heap Initial Capacity: 256M
 Heap Max Capacity: 10G
 Pre-touch: Disabled
 Parallel Workers: 8
 Concurrent Workers: 2
 Concurrent Refinement Workers: 8
 Periodic GC: Disabled
Heap:
 garbage-first heap   total 4972544K, used 4129144K [0x0000000580000000, 0x0000000800000000)
  region size 8192K, 2 young (16384K), 2 survivors (16384K)
 Metaspace       used 4012K, committed 4288K, reserved 1114112K
  class space    used 422K, committed 576K, reserved 1048576K
GC Heap History (12 events):
Event: 0.732 GC heap before
{Heap before GC invocations=0 (full 0):
 garbage-first heap   total 262144K, used 16384K [0x0000000580000000, 0x0000000800000000)
  region size 8192K, 2 young (16384K), 0 survivors (0K)
 Metaspace       used 3275K, committed 3456K, reserved 1114112K
  class space    used 357K, committed 448K, reserved 1048576K
}
Event: 0.736 GC heap after
{Heap after GC invocations=1 (full 0):
 garbage-first heap   total 262144K, used 3156K [0x0000000580000000, 0x0000000800000000)
  region size 8192K, 1 young (8192K), 1 survivors (8192K)
 Metaspace       used 3275K, committed 3456K, reserved 1114112K
  class space    used 357K, committed 448K, reserved 1048576K
}
Event: 2.401 GC heap before
{Heap before GC invocations=1 (full 0):
 garbage-first heap   total 262144K, used 19540K [0x0000000580000000, 0x0000000800000000)
  region size 8192K, 3 young (24576K), 1 survivors (8192K)
 Metaspace       used 3883K, committed 4096K, reserved 1114112K
  class space    used 415K, committed 512K, reserved 1048576K
}
Event: 2.404 GC heap after
{Heap after GC invocations=2 (full 0):
 garbage-first heap   total 262144K, used 5648K [0x0000000580000000, 0x0000000800000000)
  region size 8192K, 1 young (8192K), 1 survivors (8192K)
 Metaspace       used 3883K, committed 4096K, reserved 1114112K
  class space    used 415K, committed 512K, reserved 1048576K
}
Event: 5.277 GC heap before
{Heap before GC invocations=2 (full 0):
 garbage-first heap   total 262144K, used 54800K [0x0000000580000000, 0x0000000800000000)
  region size 8192K, 8 young (65536K), 1 survivors (8192K)
 Metaspace       used 4011K, committed 4288K, reserved 1114112K
  class space    used 422K, committed 576K, reserved 1048576K
}
Event: 5.281 GC heap after
{Heap after GC invocations=3 (full 0):
 garbage-first heap   total 262144K, used 8785K [0x0000000580000000, 0x0000000800000000)
  region size 8192K, 2 young (16384K), 2 survivors (16384K)
 Metaspace       used 4011K, committed 4288K, reserved 1114112K
  class space    used 422K, committed 576K, reserved 1048576K
}
Event: 5.496 GC heap before
{Heap before GC invocations=3 (full 0):
 garbage-first heap   total 1024000K, used 836177K [0x0000000580000000, 0x0000000800000000)
  region size 8192K, 3 young (24576K), 2 survivors (16384K)
 Metaspace       used 4011K, committed 4288K, reserved 1114112K
  class space    used 422K, committed 576K, reserved 1048576K
}
Event: 5.499 GC heap after
{Heap after GC invocations=4 (full 0):
 garbage-first heap   total 1024000K, used 835753K [0x0000000580000000, 0x0000000800000000)
  region size 8192K, 2 young (16384K), 2 survivors (16384K)
 Metaspace       used 4011K, committed 4288K, reserved 1114112K
  class space    used 422K, committed 576K, reserved 1048576K
}
Event: 7.854 GC heap before
{Heap before GC invocations=5 (full 0):
 garbage-first heap   total 2777088K, used 1679529K [0x0000000580000000, 0x0000000800000000)
  region size 8192K, 6 young (49152K), 2 survivors (16384K)
 Metaspace       used 4012K, committed 4288K, reserved 1114112K
  class space    used 422K, committed 576K, reserved 1048576K
}
Event: 7.858 GC heap after
{Heap after GC invocations=6 (full 0):
 garbage-first heap   total 2777088K, used 1655522K [0x0000000580000000, 0x0000000800000000)
  region size 8192K, 2 young (16384K), 2 survivors (16384K)
 Metaspace       used 4012K, committed 4288K, reserved 1114112K
  class space    used 422K, committed 576K, reserved 1048576K
}
Event: 8.375 GC heap before
{Heap before GC invocations=7 (full 0):
 garbage-first heap   total 4153344K, used 3302114K [0x0000000580000000, 0x0000000800000000)
  region size 8192K, 3 young (24576K), 2 survivors (16384K)
 Metaspace       used 4012K, committed 4288K, reserved 1114112K
  class space    used 422K, committed 576K, reserved 1048576K
}
Event: 8.378 GC heap after
{Heap after GC invocations=8 (full 0):
 garbage-first heap   total 4153344K, used 3301752K [0x0000000580000000, 0x0000000800000000)
  region size 8192K, 2 young (16384K), 2 survivors (16384K)
 Metaspace       used 4012K, committed 4288K, reserved 1114112K
  class space    used 422K, committed 576K, reserved 1048576K
}

